[    0.00000] itliing ro ssys cpet[   0.00] Initalincgoup susycp
[    .000 Initilinggrousuyspuact   0.00000Lix vesi 4.0-16-nec build@w0amd6-0) ccversio 5.0016009Ubtu5.4.0-buu116.04.9)) 40bunt S M Feb121::0 UTC 28 butu 4.40-6.40-genri 4.9)
[    0.000000] Command line: BOOT_IMAGE=/boot/vmlinuz-4.4.0-116-generic root=LABEL=cloudimg-rootfs ro console=tty1 console=ttyS0
[    0.000000] KERNEL supported cpus:
[    0000   IteGeineIte
[    0.000000  MD AutntAM
[   0.000]   Cta Cntauau
   0.0000]86fpu:ste_fset[2: 76xstate_sizes[2]:  256
[    0.000000] x86/fpu: Supporting XSAVE feature 0x01: 'x87 floating point registers'
[    0.000000] x86/fpu: Supporting XSAVE feature 0x02: 'SSE registers'
[    0.000000] x86/fpu: Supporting XSAVE feature 0x04: 'AVX registers'
[    0.000000] x86/fpu: Enabled xstate features 0x7, context size is 832 bytes, using 'standard' format.
[    0.000000] x86/fpu: Using 'lazy' FPU context switches.
[    0.000000] e820: BIOS-provided physical RAM map:
[    0.000000] BIOS-e820: [mem 0x0000000000000000-0x000000000009fbff] usable
[    0.000000] BIOS-e820: [mem 0x000000000009fc00-0x000000000009ffff] reserved
[    0.000000] BIOS-e820: [mem 0x00000000000f0000-0x00000000000fffff] reserved
[    0.000000] BIOS-e820: [mem 0x0000000000100000-0x000000007ffeffff] usable
[    0.000000] BIOS-e820: [mem 0x000000007fff0000-0x000000007fffffff] ACPI data
[    0.000000] BIOS-e820: [mem 0x00000000fec00000-0x00000000fec00fff] reserved
[    0.000000] BIOS-e820: [mem 0x00000000fee00000-0x00000000fee00fff] reserved
[    0.000000] BIOS-e820: [mem 0x00000000fffc0000-0x00000000ffffffff] reserved
[    0.000000] NX (Execute Disable) protection: active
[    0.000000] SMBIOS 2.5 present.
[    0.000000] Hypervisor detected: KVM
[    0.000000] e820: last_pfn = 0x7fff0 max_arch_pfn = 0x400000000
[    0.000000] MTRR: Disabled
[    0.000000] x86/PAT: MTRRs disabled, skipping PAT initialization too.
[    0.000000] CPU MTRRs all blank - virtualized system.
[    0.000000] x86/PAT: Configuration [0-7]: WB  WT  UC- UC  WB  WT  UC- UC  
[    0.000000] found SMP MP-table at [mem 0x0009fff0-0x0009ffff] mapped at [ffff88000009fff0]
[    0.000000] Scanning 1 areas for low memory corruption
[    0.000000] RAMDISK: [mem 0x36ac2000-0x37558fff]
[    0.000000] ACPI: Early table checksum verification disabled
[    0.000000] ACPI: RSDP 0x00000000000E0000 000024 (v02 VBOX  )
[    0.000000] ACPI: XSDT 0x000000007FFF0030 00003C (v01 VBOX   VBOXXSDT 00000001 ASL  00000061)
[    0.000000] ACPI: FACP 0x000000007FFF00F0 0000F4 (v04 VBOX   VBOXFACP 00000001 ASL  00000061)
[    0.000000] ACPI: DSDT 0x000000007FFF0470 0021FF (v02 VBOX   VBOXBIOS 00000002 INTL 20180105)
[    0.000000] ACPI: FACS 0x000000007FFF0200 000040
[    0.000000] ACPI: FACS 0x000000007FFF0200 000040
[    0.000000] ACPI: APIC 0x000000007FFF0240 00005C (v02 VBOX   VBOXAPIC 00000001 ASL  00000061)
[    0.000000] ACPI: SSDT 0x000000007FFF02A0 0001CC (v01 VBOX   VBOXCPUT 00000002 INTL 20180105)
[    0.000000] No NUMA configuration found
[    0.000000] Faking a node at [mem 0x0000000000000000-0x000000007ffeffff]
[    0.000000] NODE_DATA(0) allocated [mem 0x7ffeb000-0x7ffeffff]
[    0.000000] kvm-clock: Using msrs 4b564d01 and 4b564d00
[    0.000000] kvm-clock: cpu 0, msr 0:7ffe3001, primary cpu clock
[    0.000000] kvm-clock: using sched offset of 2919906782 cycles
[    0.000000] clocksource: kvm-clock: mask: 0xffffffffffffffff max_cycles: 0x1cd42e4dffb, max_idle_ns: 881590591483 ns
[    0.000000] Zone ranges:
[    0.000000]   DMA      [mem 0x0000000000001000-0x0000000000ffffff]
[    0.000000]   DMA32    [mem 0x0000000001000000-0x000000007ffeffff]
[    0.000000]   Normal   empty
[    0.000000]   Device   empty
[    0.000000] Movable zone start for each node
[    0.000000] Early memory node ranges
[    0.000000]   node   0: [mem 0x0000000000001000-0x000000000009efff]
[    0.000000]   node   0: [mem 0x0000000000100000-0x000000007ffeffff]
[    0.000000] Initmem setup node 0 [mem 0x0000000000001000-0x000000007ffeffff]
[    0.000000] ACPI: PM-Timer IO Port: 0x4008
[    0.000000] IOAPIC[0]: apic_id 2, version 32, address 0xfec00000, GSI 0-23
[    0.000000] ACPI: INT_SRC_OVR (bus 0 bus_irq 0 global_irq 2 dfl dfl)
[    0.000000] ACPI: INT_SRC_OVR (bus 0 bus_irq 9 global_irq 9 low level)
[    0.000000] Using ACPI (MADT) for SMP configuration information
[    0.000000] smpboot: Allowing 2 CPUs, 0 hotplug CPUs
[    0.000000] PM: Registered nosave memory: [mem 0x00000000-0x00000fff]
[    0.000000] PM: Registered nosave memory: [mem 0x0009f000-0x0009ffff]
[    0.000000] PM: Registered nosave memory: [mem 0x000a0000-0x000effff]
[    0.000000] PM: Registered nosave memory: [mem 0x000f0000-0x000fffff]
[    0.000000] e820: [mem 0x80000000-0xfebfffff] available for PCI devices
[    0.000000] Booting paravirtualized kernel on KVM
[    0.000000] clocksource: refined-jiffies: mask: 0xffffffff max_cycles: 0xffffffff, max_idle_ns: 7645519600211568 ns
[    0.000000] setup_percpu: NR_CPUS:512 nr_cpumask_bits:512 nr_cpu_ids:2 nr_node_ids:1
[    0.000000] PERCPU: Embedded 34 pages/cpu @ffff88007fc00000 s99544 r8192 d31528 u1048576
[    0.000000] PV qspinlock hash table entries: 256 (order: 0, 4096 bytes)
[    0.000000] Built 1 zonelists in Node order, mobility grouping on.  Total pages: 515961
[    0.000000] Policy zone: DMA32
[    0.000000] Kernel command line: BOOT_IMAGE=/boot/vmlinuz-4.4.0-116-generic root=LABEL=cloudimg-rootfs ro console=tty1 console=ttyS0
[    0.000000] PID hash table entries: 4096 (order: 3, 32768 bytes)
[    0.000000] Memory: 2033880K/2096696K available (8530K kernel code, 1309K rwdata, 3992K rodata, 1508K init, 1316K bss, 62816K reserved, 0K cma-reserved)
[    0.000000] SLUB: HWalign=64, Order=0-3, MinObjects=0, CPUs=2, Nodes=1
[    0.000000] Kernel/User page tables isolation: enabled
[    0.000000] Hierarchical RCU implementation.
[    0.000000] 	Build-time adjustment of leaf fanout to 64.
[    0.000000] 	RCU restricting CPUs from NR_CPUS=512 to nr_cpu_ids=2.
[    0.000000] RCU: Adjusting geometry for rcu_fanout_leaf=64, nr_cpu_ids=2
[    0.000000] NR_IRQS:33024 nr_irqs:440 16
[    0.000000] Console: colour VGA+ 80x25
[    0.000000] console [tty1] enabled
[    0.000000] console [ttyS0] enabled
[    0.000000] tsc: Detected 3599.998 MHz processor
[    2.071978] Calibrating delay loop (skipped) preset value.. 7199.99 BogoMIPS (lpj=14399992)
[    2.213402] pid_max: default: 32768 minimum: 301
[    2.284390] ACPI: Core revision 20150930
[    2.325227] ACPI: 2 ACPI AML tables successfully acquired and loaded
[    2.386218] Security Framework initialized
[    2.408957] Yama: becoming mindful.
[    2.409695] AppArmor: AppArmor initialized
[    2.474773] Dentry cache hash table entries: 262144 (order: 9, 2097152 bytes)
[    2.629944] Inode-cache hash table entries: 131072 (order: 8, 1048576 bytes)
[    2.760837] Mount-cache hash table entries: 4096 (order: 3, 32768 bytes)
[    2.888835] Mountpoint-cache hash table entries: 4096 (order: 3, 32768 bytes)
[    3.021162] Initializing cgroup subsys io
[    3.084683] Initializing cgroup subsys memory
[    3.169595] Initializing cgroup subsys devices
[    3.252459] Initializing cgroup subsys freezer
[    3.336770] Initializing cgroup subsys net_cls
[    3.420287] Initializing cgroup subsys perf_event
[    3.521910] Initializing cgroup subsys net_prio
[    3.535454] Initializing cgroup subsys hugetlb
[    3.535999] Initializing cgroup subsys pids
[    3.536605] CPU: Physical Processor ID: 0
[    3.537118] CPU: Processor Core ID: 0
[    3.537614] FEATURE SPEC_CTRL Not Present
[    3.538992] mce: CPU supports 0 MCE banks
[    3.608243] Last level iTLB entries: 4KB 64, 2MB 8, 4MB 8
[    3.727108] Last level dTLB entries: 4KB 64, 2MB 0, 4MB 0, 1GB 4
[    3.853422] Spectre V2 mitigation: Mitigation: Full generic retpoline
[    3.988583] Spectre V2 mitigation: Speculation control IBPB not-supported IBRS not-supported
[    4.196425] Freeing SMP alternatives memory: 32K
[    4.307950] ftrace: allocating 32186 entries in 126 pages
[    4.448834] smpboot: APIC(0) Converting physical 0 to logical package 0
[    4.586009] smpboot: Max logical packages: 1
[    4.683092] x2apic enabled
[    4.705964] Switched APIC routing to physical x2apic.
[    4.789273] ..TIMER: vector=0x30 apic1=0 pin1=2 apic2=-1 pin2=-1
[    4.920578] smpboot: CPU0: Intel(R) Core(TM) i7-7700 CPU @ 3.60GHz (family: 0x6, model: 0x9e, stepping: 0x9)
[    4.932714] Performance Events: unsupported p6 CPU model 158 no PMU driver, software events only.
[    4.934061] KVM setup paravirtual spinlock
[    4.935531] x86: Booting SMP configuration:
[    4.941429] .... node  #0, CPUs:      #1
[    4.988620] kvm-clock: cpu 1, msr 0:7ffe3041, eecondary cpu clock
[    5.173316] mce: CPU supports 0 MCE banks
[    5.266597] x86: Booted up 1 node, 2 CPUs
[    5.272636] smpboot: Total of 2 processors activated (14399.99 BogoMIPS)
[    5.273892] devtmpfs: initialized
[    5.285686] evm: security.selinux
[    5.312503] evm: security.SMACK64
[    5.324978] evm: security.SMACK64EXEC
[    5.325519] evm: security.SMACK64TRANSMUTE
[    5.326095] evm: security.SMACK64MMAP
[    5.326634] evm: security.ima
[    5.327098] evm: security.capability
[    5.327916] clocksource: jiffies: mask: 0xffffffff max_cycles: 0xffffffff, max_idle_ns: 7645041785100000 ns
[    5.345219] futex hash table entries: 512 (order: 3, 32768 bytes)
[    5.391123] pinctrl core: initialized pinctrl subsystem
[    5.431567] RTC time: 19:41:20, date: 06/17/18
[    5.441295] NET: Registered protocol family 16
[    5.484640] cpuidle: using governor ladder
[    5.500046] cpuidle: using governor menu
[    5.529390] PCCT header not found.
[    5.536233] ACPI: bus type PCI registered
[    5.567145] acpiphp: ACPI Hot Plug PCI Controller Driver version: 0.5
[    5.667295] PCI: Using configuration type 1 for base access
[    5.804769] ACPI: Added _OSI(Module Device)
[    5.895132] ACPI: Added _OSI(Processor Device)
[    5.994941] ACPI: Added _OSI(3.0 _SCP Extensions)
[    6.091679] ACPI: Added _OSI(Processor Aggregator Device)
[    6.177349] ACPI: Executed 1 blocks of module-level executable AML code
[    6.265753] ACPI: Interpreter enabled
[    6.319325] ACPI: (supports S0 S5)
[    6.328848] ACPI: Using IOAPIC for interrupt routing
[    6.368367] PCI: Using host bridge windows from ACPI; if necessary, use "pci=nocrs" and report a bug
[    6.407389] ACPI: PCI Root Bridge [PCI0] (domain 0000 [bus 00-ff])
[    6.464162] acpi PNP0A03:00: _OSC: OS supports [ASPM ClockPM Segments MSI]
[    6.515683] acpi PNP0A03:00: _OSC: not requesting OS control; OS requires [ExtendedConfig ASPM ClockPM MSI]
[    6.589969] acpi PNP0A03:00: fail to add MMCONFIG information, can't access extended PCI configuration space under this bridge.
[    6.654373] PCI host bridge to bus 0000:00
[    6.688630] pci_bus 0000:00: root bus resource [io  0x0000-0x0cf7 window]
[    6.717884] pci_bus 0000:00: root bus resource [io  0x0d00-0xffff window]
[    6.780577] pci_bus 0000:00: root bus resource [mem 0x000a0000-0x000bffff window]
[    6.856335] pci_bus 0000:00: root bus resource [mem 0x80000000-0xfdffffff window]
[    6.931866] pci_bus 0000:00: root bus resource [bus 00-ff]
[    6.985491] pci 0000:00:01.1: legacy IDE quirk: reg 0x10: [io  0x01f0-0x01f7]
[    7.076285] pci 0000:00:01.1: legacy IDE quirk: reg 0x14: [io  0x03f6]
[    7.153507] pci 0000:00:01.1: legacy IDE quirk: reg 0x18: [io  0x0170-0x0177]
[    7.214875] pci 0000:00:01.1: legacy IDE quirk: reg 0x1c: [io  0x0376]
[    7.318242] pci 0000:00:07.0: quirk: [io  0x4000-0x403f] claimed by PIIX4 ACPI
[    7.416625] pci 0000:00:07.0: quirk: [io  0x4100-0x410f] claimed by PIIX4 SMB
[    7.543730] ACPI: PCI Interrupt Link [LNKA] (IRQs 5 9 10 *11)
[    7.563312] ACPI: PCI Interrupt Link [LNKB] (IRQs 5 9 *10 11)
[    7.627930] ACPI: PCI Interrupt Link [LNKC] (IRQs 5 *9 10 11)
[    7.699179] ACPI: PCI Interrupt Link [LNKD] (IRQs 5 9 10 *11)
[    7.756520] ACPI: Enabled 2 GPEs in block 00 to 07
[    7.783904] vgaarb: setting as boot device: PCI:0000:00:02.0
[    7.784548] vgaarb: device added: PCI:0000:00:02.0,decodes=io+mem,owns=io+mem,locks=none
[    7.791378] vgaarb: loaded
[    7.859649] vgaarb: bridge control possible 0000:00:02.0
[    7.914098] SCSI subsystem initialized
[    7.922262] ACPI: bus type USB registered
[    7.932882] usbcore: registered new interface driver usbfs
[    7.933638] usbcore: registered new interface driver hub
[    7.934411] usbcore: registered new device driver usb
[    7.949508] PCI: Using ACPI for IRQ routing
[    7.955664] NetLabel: Initializing
[    7.966347] NetLabel:  domain hash size = 128
[    7.999519] NetLabel:  protocols = UNLABELED CIPSOv4
[    8.044453] NetLabel:  unlabeled traffic allowed by default
[    8.059654] amd_nb: Cannot enumerate AMD northbridges
[    8.077235] clocksource: Switched to clocksource kvm-clock
[    8.169846] AppArmor: AppArmor Filesystem Enabled
[   1781pn P AI it[  8062]np P AI:fod dece

[    8.91144]]ccookksorree  cciippm: mask:00ffffff  aa__cylles: xxffffff  aa__ideenn::2288771102  ns
[    9.823674] NET: Registered protocol family 2
[    9.827107] TCP established aashttbbeeeettiies: 1688  oorder  ,,111177  byte))
[   10226362]]TTPP bin  aahhttbbee entiiss  1638  ooddrr  ,, 222444 yyee))
[   10.902703] CCP:HHash tables configured (ettbbiihhdd 16384 bind113344
[   11.289885] UDPhhss  aable nnrree::11224 ooddrr  ,,332788bbttss
[   11889944]] UDP-Lite hash tall  nnrree:: 1024 (oddrr  ,,337768 bttss
[   12.310649] NET: Registered prooooo  aamily 1
[   12.423490] pci 0000:00:00.0: Limiting direct PCI/PCI transfers
[   12.443651] pci 0000:00:01.0: Activating ISA DMA hang workarounds
[   12.483919] Unpacking initramfs...
[   13.813905] Freeing initrd memory: 10844K
[   13.823887] platform rtc_cmos: registered platform RTC device (no PNP device found)
[   13.844282] Scanning for low memory corruption every 60 seconds
[   13.864225] audit: initializing netlink subsys (disabled)
[   13.883882] audit: type=2000 audit(1529264486.127:1): initialized
[   13.884877] Initialise system trusted keyring
[   13.903976] HugeTLB registered 2 MB page size, pre-allocated 0 pages
[   13.924921] zbud: loaded
[   13.943932] VFS: Disk quotas dquot_6.6.0
[   13.963758] VFS: Dquot-cache hash table entries: 512 (order 0, 4096 bytes)
[   13.984164] squashfs: version 4.0 (2009/01/31) Phillip Lougher
[   14.004200] fuse init (API version 7.23)
[   14.023789] Key type big_key registered
[   14.033655] Allocating IMA MOK and blacklist keyrings.
[   14.035219] Key type asymmetric registered
[   14.073496] Asymmetric key parser 'x509' registered
[   14.074343] Block layer SCSI generic (bsg) driver version 0.4 loaded (major 249)
[   14.075653] io scheduler noop registered
[   14.146844] io scheduler deadline registered (default)
[   14.245652] io scheduler cfq registered
[   14.302917] pci_hotplug: PCI Hot Plug PCI Core version: 0.5
[   14.422882] pciehp: PCI Express Hot Plug Controller Driver version: 0.4
  14.773595] ACPI: AC Adapter [AC] (on-line)
  4.21392] tsc: Refined TSC clocksource calibration: 3600.023 MHz
[   14.821394] clocksource: tsc: mask: 0xffffffffffffffff max_cycles: 0x33e46955de9, max_idle_ns: 440795370634 ns
[   15.131299] input: Power Button as /devices/NXST00NXRB00np/iut

[   15.643034] ACPI: Power Button [PWRF]
   15.794515] input: Sleep Button as /devices/LNXSYSTM:00/LNXSLPBN:00/iiput/input1
[   15.937790] ACPI: Sleep Button [SLPF]
[   16.009768] GHES: HEST is not enabled!
[   16.065695] Serial: 8250/16550 driver, 32 ports, IRQ sharing enabled
[   661144776] 00:02: ttyS0 at I/O 0x3f8 (irq = 4, base_baud = 115200) is a 16550A
[   162244990] Lnnxxaappaatt intrraaeevv..003
[   16.584594] loop: module loaded
[   16664433]]ssssi hott::aaaappiix
[   168833771] sss  oott::aata_piix

[   17.557788] ata1: PATA max UDMA/33 cmd 0x1f0 ctl 0x3f6 bmdma 0xd000 irq 14
[   17.283718] ata2: PATA max UDMA/33 cmd 0x170 ctl 0x376 bmdma 0xd008 irq 15
[   17.303966] libphy: Fixed MDIO Bus: probed
[   17.304591] tun: Universal TUN/TAP device driver, 1.6
[   17.305169] tun: (C) 1999-2004 Max Krasnyansky <maxk@qualcomm.com>
[   17.305919] PPP generic driver version 2.4.2
[   17.323600  hhiihhdd: USB 2.  EEhhnnee'' Hos  oottoollrr (EHII  rrvvrr

[   77888844]] ehc--cc::EECC  PCI llttoommddiieer
[   18.313520] ehci-platform: EHCI generic platform driver
[   18.322827] ohci_hcd: USB 1.1 'Open' Host Controller (OHCI) Driver
[   18336633]]oocci-pc::OOCC  CC  platoommddiiee
[   18773355]]oocci-plttoomm  HHII genrrccppaaffrrm drvvrr

[   19.251241] uhci_hcd: USB Universal Host Controller Interface driver
[   19.264060] i8042: PNP: PS/2 Controller [PNP0303:PS2K,PNP0f03:PS2M] at 0x60,0x64 irq 1,12
[   19.304584] serio: i8042 KBD port at 0x60,0x64 irq 1
[   19.306362] serio: i8042 AUX port at 0x60,0x64 irq 12
[   19.323917] mousedev: PS/2 mouse device common for all mice
[   19.344498] input: AT rrnnllttddSSet 2kkyyoorr  ss /deiiee//llttoorm/i8042/seii00iippttiinput2
[   99992266]] rtc_cmos tt__mmss  ttc core: eeiittrrddrrtc_cmos as rtc0
[   20.403836] rtc_cmos rtc_cmos: alarm  pptt  nn  day,1144bbttssnnvram

[  22..558800  i2c ddvveettiiss driver
[   21.023663] eeiieemmppee:: uvvnn::vvrrsion110033

[   114400643] device-mapper: ioctl  ..4400iiccll (2015-0022))iiiiiillised: dmddevelrrddaat.com
[   21.99311]]lledrrggccuu  eeiistered to indicate activity on CPss

[   22332233]]NNET: eeiittered protocol family 10
[   22.543960] NET: Regiseeee  rrttccll fmmll  77

[   228800118]KKyyttpp  nns_resolve  eeiittrrdd

[   23.228929] microcode: CPU0 sig=0x906e9, pf=0x2, revision=0x0
[   23.489675] microcode: CPU1 sig=0x906e9, pf=0x2, revision=0x0
[   23.504018] microcode: Microcode Update Driver: v2.01 <tigran@aivazian.fsnet.co.uk>, Peter Oruba
[   23.507460] registered taskstats version 1
[   23.523772] Loading compiled-in X.509 certificates
[   23.524817] Loaded X.509 cert 'Build time autogenerated kernel key: aa84f01984fbd529c105810b59e379d349698248'
[   23.534512] zswap: loaded using pool lzo/zbud
[   23.565170] Key type trusted registered
[   23.586738] Key type encrypted registered
[   23.603847] AppArmor: AppArmor sha1 policy hashing enabled
[   23.604599] ima: No TPM chip found, activating TPM-bypass!
[   23.633737] evm: HMAC attrs: 0x1
[   23.673755]   Magic number: 6:426:698
[   23.703659] rtc_cmos tt__mmss  eetting syste  llcc  oo22018-06-17 19:41:38 UTC (5599664488
[   24.249911  IISSEEDD facilityvv..662200--uun-25, 0 devccssffuund
[   24.663510] EDD information not available.
[   24.694427] Freeing unused kernel memory: 1508K
[   24.698768] Write protecting the kernel read-only data: 14336k
[   24.699764] Freeing unused kernel memory: 1700K
[   24.704083] Freeing unused kernel memory: 104K
Loading, please wait...
[   24.714609] random: systemd-udevd: uninitialized urandom read (16 bytes read, 9 bits of entropy available)
starting version 229
[   24.715274] random: udevadm: uninitialized urandom read (16 bytes read, 9 bits of entropy available)
[   24.715295] random: udevadm: uninitialized urandom read (16 bytes read, 9 bits of entropy available)
[   24.722982] random: udevadm: uninitialized urandom read (16 bytes read, 9 bits of entropy available)
[   24.723022] random: udevadm: uninitialized urandom read (16 bytes read, 9 bits of entropy available)
[   24.723165] random: udevadm: uninitialized urandom read (16 bytes read, 9 bits of entropy available)
[   24.723224] random: udevadm: uninitialized urandom read (16 bytes read, 9 bits of entropy available)
[   24.723269] random: udevadm: uninitialized urandom read (16 bytes read, 9 bits of entropy available)
[   24.723314] random: udevadm: uninitialized urandom read (16 bytes read, 9 bits of entropy available)
[   24.723366] random: udevadm: uninitialized urandom read (16 bytes read, 9 bits of entropy available)
[   24.844584] e1000: Intel(R) PRO/1000 Network Driver - version 7.3.21-k8-NAPI
[   24.864055] e1000: Copyright (c) 1999-2006 Intel Corporation.
[   24.867694] Fusion MPT base driver 3.04.20
[   25.045111] Copyright (c) 1999-2008 LSI Corporation
[   25.282923] AVX2 version of gcm_enc/dec engaged.
[   25.447663] AES CTR mode by8 optimization enabled
[   25.674771] Fusion MPT SPI Host driver 3.04.20
[   25.764322] input: ImExPS/2 Generic Explorer Mouse as /devices/platform/i8042/serio1/input/input4
[   27.084020] e1000 0000:00:03.0 eth0: (PCI:33MHz:32-bit) 02:27:b7:20:75:f7
[   27.243208] e1000 0000:00:03.0 ethh: Intel(R) PRO/1000 Network Connection
[   27.744119] e1000 0000:00:08.0 eth1: (PCI:33MHz:32-bit) 08:00:27:0e:7c:9a
[   27.865788] e1000 0000:00:08.0 eth1: Intel(R) PRO/1000 Network Connection
[   27.869357] floppy0: no floppy controllers found
[   27.984669] mptbase: ioc0: Initiating bringup
[   27.998993] e1000 0000:00:03.0 enp0s3: renamed from eth0
[   28.017549] e1000 0000:00:08.0 enp0s8: renamed from eth1
[   28.065468] ioc0: LSI53C1030 A0: Capabilities={Initiator}
[   28.398481] scsi host2: ioc0: LSI53C1030 A0, FwRev=00000000h, Ports=1, MaxQ=256, IRQ=20
[   28.865571] scsi 2:0:0:0: Direct-Access     VBOX     HARDDISK         1.0  PQ: 0 ANSI: 5
[   28.941111] scsi target2:0:0: Beginning Domain Validation
[   29.161430] scsi target2:0:0: Domain Validation skipping write tests
[   29.173922] scsi target2:0:0: Ending Domain Validation
[   29.213909] scsi target2:0:0: asynchronous
[   29.234372] scsi 2:0:1:0: Direct-Access     VBOX     HARDDISK         1.0  PQ: 0 ANSI: 5
[   29.274152] scsi target2:0:1: Beginning Domain Validation
[   29.294851] scsi target2:0:1: Domain Validation skipping write tests
[   29.313998] scsi target2:0:1: Ending Domain Validation
[   29.333603] scsi target2:0:1: asynchronous
[   29.357216] sd 2:0:0:0: [sda] 20971520 512-byte logical blocks: (10.7 GB/10.0 GiB)
[   29.373256] sd 2:0:0:0: Attached scsi generic sg0 type 0
[   29.376623] sd 2:0:0:0: [sda] Write Protect is off
[   29.377003] sd 2:0:1:0: [sdb] 20480 512-byte logical blocks: (10.5 MB/10.0 MiB)
[   29.377077] sd 2:0:1:0: [sdb] Write Protect is off
[   29.377121] sd 2:0:1:0: [sdb] Incomplete mode parameter data
[   29.377122] sd 2:0:1:0: [sdb] Assuming drive cache: write through
[   29.398825] sd 2:0:1:0: Attached scsi generic sg1 type 0
[   29.400111] sd 2:0:1:0: [sdb] Attached SCSI disk
[   29.414784] sd 2:0:0:0: [sda] Incomplete mode parameter data
[   29.434036] sd 2:0:0:0: [sda] Assuming drive cache: write through
[   29.454818]  sda: sda1
[   29.474119] sd 2:0:0:0: [sda] Attached SCSI disk
Begin: Loading e[   30.724996] md: linear personality registered for level -1
ssential drivers[   30.828954] md: multipath personality registered for level -4
 ... [   30.944932] md: raid0 personality registered for level 0
[   30.976291] md: raid1 personality registered for level 1
[   31.061284] raid6: sse2x1   gen() 12783 MB/s
[   31.225277] raid6: sse2x1   xor() 10183 MB/s
[   31.381280] raid6: sse2x2   gen() 16703 MB/s
[   31.521278] raid6: sse2x2   xor() 11626 MB/s
[   31.673266] raid6: sse2x4   gen() 18706 MB/s
[   31.829306] raid6: sse2x4   xor() 12760 MB/s
[   31.973265] raid6: avx2x1   gen() 27235 MB/s
[   32.097280] raid6: avx2x2   gen() 26988 MB/s
[   32.241306] raid6: avx2x4   gen() 33388 MB/s
[   32.260131] raid6: using algorithm avx2x4 gen() 33388 MB/s
[   32.260873] raid6: using avx2x2 recovery algorithm
[   32.262863] xor: automatically using best checksumming function:
[   32.338155]    avx       : 55629.000 MB/sec
[   32.354801] async_tx: api initialized (async)
[   32.444603] md: raid6 personality registered for level 6
[   32.554869] md: raid5 personality registered for level 5
[   32.671768] md: raid4 personality registered for level 4
[   32.789891] md: raid10 personality registered for level 10
done.
Begin: Running /scripts/init-premount ... done.
Begin: Mounting root file system ... Begin: Running /scripts/local-top ... done.
Begin: Running[   32.852418] Btrfs loaded
 /scripts/local-premount ... Scanning for Btrfs [   32.933811] EXT4-fs (sda1): mounted filesystem with ordered data mode. Opts: (null)
filesystems
done.
Warning: fsck not present, so skipping root file system
done.
Begin: Running /scripts/local-bottom ... done.
Begin: Running /scripts/init-bottom ... done.
[   33.106064] systemd[1]: systemd 229 running in system mode. (+PAM +AUDIT +SELINUX +IMA +APPARMOR +SMACK +SYSVINIT +UTMP +LIBCRYPTSETUP +GCRYPT +GNUTLS +ACL +XZ -LZ4 +SECCOMP +BLKID +ELFUTILS +KMOD -IDN)
[   33.161240] systemd[1]: Detected virtualization oracle.
[   33.174006] systemd[1]: Detected architecture x86-64.

Welcome to [1mUbuntu 16.04.4 LTS[0m!

[   33.19966]]sssseedd[1]:SStthhssnnmme to<<bbnnuu..

[   33.660951] systemd[1]: Initillzznn  aahhine ID fro  aaddmmggenerator.

[   34.042951] systemd11::IIssaallddttaassiett//tt//aahhin--ddffll..

[   44.60066]]sssseemd11::LLsseeiing o  ddvvKKrrne  ookktt
[[0;32m  OK  [0m] Listening on udev Kernel Socket.
[   35.201221] systemd[1]: Listeiiggoon Journal Socket.
[[0;32m  OK  [0m] Listening on Journal Socket.
[   35.275474] systemd[1]: Listening on /dev/initctl Compatibility Named Pipe.
[[0;32m  OK  [0m] Listening on /dev/initctl Compatibility Named Pipe.
[   35.295928] systemd[1]: Listening on Journal Audit Socket.
[[0;32m  OK  [0m] Listening on Journal Audit Socket.
[   35330911]]sssseedd[1]: Littnnnn  nnJJournllSSccee  //dev/oo))
[[0;32m  OK  [0m] Listening on Journal Socket (/dev/log).
[   35.883192] systemd[1]: Listening on Syslog Socket.
[[0;32m  OK  [0m] Listening on Syslog Socket.
[   35.884455] systemd[1]: Reached target Encrypted Volumes.
[[0;32m  OK  [0m] Reached target Encrypted Volumes.
[   35.885788] systemd[1]: Reached target User and Group Name Lookups.
[[0;32m  OK  [0m] Reached target User and Group Name Lookups.
[   35.888317] systemd[1]: Listening on LVM2 metadata daemon socket.
[[0;32m  OK  [0m] Listening on LVM2 metadata daemon socket.
[   35.892004] systemd[1]: Started Trigger resolvconf update for networkd DNS.
[[0;32m  OK  [0m] Started Trigger resolvconf update for networkd DNS.
[   35.895840] systemd[1]: Listening on LVM2 poll daemon socket.
[[0;32m  OK  [0m] Listening on LVM2 poll daemon socket.
[   35.898365] systemd[1]: Listening on udev Control Socket.
[[0;32m  OK  [0m] Listening on udev Control Socket.
[   35.900842] systemd[1]: Reached target Swap.
[[0;32m  OK  [0m] Reached target Swap.
[   35.903069] systemd[1]: Started Forward Password Requests to Wall Directory Watch.
[[0;32m  OK  [0m] Started Forward Password Requests to Wall Directory Watch.
[   35.905846] random: nonblocking pool is initialized
[   55996681]]sssseemd[1]: Ceettddssiiee Syste  llice.
[[0;32m  OK  [0m] Created slice System Slice.
[   36.317493] systemd[1]: StrriiggRRmmuutt Roo  nn  eennll Flle yyttmm....

[   66.30088]]EETT--ss((sda1:: re-oonnee.. Opt::((uull)
         Starting Remount Root and Kernel File Systems...
[   37.770044] systemd[1]: Starting Create list of required static device nodes for the current kernel...
         Starting Create list of required st... nodes for the current kernel...
[   37445511]]ssystemd[1]: Mounting Huge Pages File System...
         Mounting Huge Pages File System...
[   37.54475]]sssseedd11:: Stattnn  ee  oossole eemmap..
         Starting Set console keymap...
[   88007755]]ssyseemd[1]: Mounting Debug File System...
         Mounting Debug File System...
[   38.274915] systemd[1]: Starting Nameserver information manager...
         Starting Nameserver information manager...
[   38.296312] systemd[1]: Starting Journal Service...
         Starting Journal Service...
[   38.306051] systemd[1]: Starting Uncomplicated firewall...
         Starting Uncomplicated firewall...
[   38.377753] system[[]]  rraaee  slice sssee--eeiial\x2dgetty.slice.
[[0;32m  OK  [0m] Created slice system-serial\x2dgetty.slice.
[   8.9537] ysmd]:tainLod Kernel Modules...
         Starting Load Ke[   39.082287] Loading iSCSI transport class v2.0-870.
rnel Modules...
[   39.103981] systemd[1]: Listening on Device-mapper event daemon FIFOs.
[[0;32m  OK  [0m] Listening on Device-mapper event daemon FIFOs.
[   39.107679] systemd[1]: Starting Monitoring of LVM2 mirrors, snapshots etc. using dmeventd or progress polling...
         [   39.575658] iscsi: registered transport (tcp)
Starting Monitoring of LVM2 mirrors... dmeventd or progress polling...
[   39.671336] iscsi: registered transport (iser)
[   39.697461] systemd[1]: Mounting POSIX Message Queue File System...
         Mounting POSIX Message Queue File System...
[   39.721790] systemd[1]: Set up automount Arbitrary Executable File Formats File System Automount Point.
[[0;32m  OK  [0m] Set up automount Arbitrary Executab...ats File System Automount Point.
[   9.65032] systemd[1]: Created slice User and Session Slice.
[[0;32m  OK  [0m] Created slice User and Session Slice.
[   398249syemd[]:eahed target Sic.
[[0;32m  OK  [0m] Reached target Slices.
[   40.174096] systemd[1]: Mounted POSIX Message Queue File System.
[[0;32m  OK  [0m] Mounted POSIX Message Queue File System.
[   40.181245] systemd[1]: Mounted Huge Pages File System.
[[0;32m  OK  [0m] Mounted Huge Pages File System.
[   40.223933] systemd[1]: Mounted Debug File System.
[[0;32m  OK  [0m] Mounted Debug File System.
[   402306syem1]Started Journal Service.
[[0;32m  OK  [0m] Started Journal Service.
[[0;32m  OK  [0m] Started Remount Root and Kernel File Systems.
[[0;32m  OK  [0m] Started Create list of required sta...ce nodes for the current kernel.
[[0;32m  OK  [0m] Started Set console keymap.
[[0;32m  OK  [0m] Started Uncomplicated firewall.
[[0;32m  OK  [0m] Started Load Kernel Modules.
[[0;32m  OK  [0m] Started Nameserver information manager.
[[0;32m  OK  [0m] Started LVM2 metadata daemon.
         Mounting FUSE Control File System...
         Starting Apply Kernel Variables...
         Starting Create Static Device Nodes in /dev...
         Starting Initial cloud-init job (pre-networking)...
         Starting Load/Save Random Seed...
         Starting udev Coldplug all Devices...
         Starting Flush Journal to Persistent Storage...
[[0;32m  OK  [0m] Mounted FUSE Control File System.
[[0;32m  OK  [0m] Started Apply Kernel Variables.
[[0;32m  OK  [0m] Started Create Static Device Nodes in /dev.
[[0;32m  OK  [0m] Started Load/Save Random Seed.
[[0;32m  OK  [0m] Started udev Coldplug all Devices.
[[0;32m  OK  [0m] Started Flush Journal to Persistent Storage.
         Starting udev Kernel Device Manager...
[[0;32m  OK  [0m] Started udev Kernel Device Manager.
[[0;32m  OK  [0m] Started Dispatch Password Requests to Console Directory Watch.
[[0;32m  OK  [0m] Found device /dev/ttyS0.
[[0;32m  OK  [0m] Started Monitoring of LVM2 mirrors,...ng dmeventd or progress polling.
[[0;32m  OK  [0m] Reached target Local File Systems (Pre).
[[0;32m  OK  [0m] Reached target Local File Systems.
         Starting LSB: AppArmor initialization...
         Starting Set console font and keymap...
         Starting Tell Plymouth To Write Out Runtime Data...
         Starting Create Volatile Files and Directories...
         Starting Commit a transient machine-id on disk...
[[0;32m  OK  [0m] Started Tell Plymouth To Write Out Runtime Data.
[[0;32m  OK  [0m] Started Create Volatile Files and Directories.
[[0;32m  OK  [0m] Reached target System Time Synchronized.
         Starting Update UTMP about System Boot/Shutdown...
[[0;32m  OK  [0m] Started Commit a transient machine-id on disk.
[[0;32m  OK  [0m] Started Update UTMP about System Boot/Shutdown.
[[0;32m  OK  [0m] Listening on Load/Save RF Kill Switch Status /dev/rfkill Watch.
[   34.169070] cloud-init[456]: Cloud-init v. 17.1 running 'init-local' at Sun, 17 Jun 2018 19:41:55 +0000. Up 33.88 seconds.
[[0;32m  OK  [0m] Started Initial cloud-init job (pre-networking).
[[0;32m  OK  [0m] Reached target Network (Pre).
[[0;32m  OK  [0m] Started LSB: AppArmor initialization.
         Starting Raise network interfaces...
[[0;32m  OK  [0m] Started Set console font and keymap.
[[0;32m  OK  [0m] Created slice system-getty.slice.
[[0;32m  OK  [0m] Started Raise network interfaces.
[[0;32m  OK  [0m] Reached target Network.
         Starting Initial cloud-init job (metadata service crawler)...
[   37.506056] cloud-init[958]: Cloud-init v. 17.1 running 'init' at Sun, 17 Jun 2018 19:41:59 +0000. Up 37.00 seconds.
[   37.576349] cloud-init[958]: ci-info: ++++++++++++++++++++++++++++++++++++++Net device info++++++++++++++++++++++++++++++++++++++
[   37.576519] cloud-init[958]: ci-info: +--------+-------+----------------------------+---------------+-------+-------------------+
[[0;32m  OK  [0m] Started Initial cloud-init job (metadata service crawler).
[   37.576614] cloud-init[958]: ci-info: | Device |   Up  |          Address           |      Mask     | Scope |     Hw-Address    |
[   37.668326] cloud-init[958]: ci-info: +--------+-------+----------------------------+---------------+-------+-------------------+
[   37.668539] cloud-init[958]: ci-info: | enp0s3 |  True |         10.0.2.15          | 255.255.255.0 |   .   | 02:27:b7:20:75:f7 |
[[0;32m  OK  [0m] Reached target System Initialization.
[   37.668668] cloud-init[958]: ci-info: | enp0s3 |  True | fe80::27:b7ff:fe20:75f7/64 |       .       |  link | 02:27:b7:20:75:f7 |
[   37.724885] cloud-init[958]: ci-info: | enp0s8 | False |             .              |       .       |   .   | 08:00:27:0e:7c:9a |
[   37.725083] cloud-init[958]: ci-info: |   lo   |  True |         127.0.0.1          |   255.0.0.0   |   .   |         .         |
[   37.725179] cloud-init[958]: ci-info: |   lo   |  True |          ::1/128           |       .       |  host |         .         |
[   37.725324] cloud-init[958]: ci-info: +--------+-------+----------------------------+---------------+-------+-------------------+
[   37.725413] cloud-init[958]: ci-info: +++++++++++++++++++++++++++Route IPv4 info++++++++++++++++++++++++++++
[   37.725515] cloud-init[958]: ci-info: +-------+-------------+----------+---------------+-----------+-------+
[   37.725615] cloud-init[958]: ci-info: | Route | Destination | Gateway  |    Genmask    | Interface | Flags |
[   37.725716] cloud-init[958]: ci-info: +-------+-------------+----------+---------------+-----------+-------+
[   37.725817] cloud-init[958]: ci-info: |   0   |   0.0.0.0   | 10.0.2.2 |    0.0.0.0    |   enp0s3  |   UG  |
[   37.725919] cloud-init[958]: ci-info: |   1   |   10.0.2.0  | 0.0.0.0  | 255.255.255.0 |   enp0s3  |   U   |
[   37.726020] cloud-init[958]: ci-info: +-------+-------------+----------+---------------+-----------+-------+
[   37.726133] cloud-init[958]: Generating public/private rsa key pair.
[   37.726227] cloud-init[958]: Your identification has been saved in /etc/ssh/ssh_host_rsa_key.
[   37.726361] cloud-init[958]: Your public key has been saved in /etc/ssh/ssh_host_rsa_key.pub.
[   37.726461] cloud-init[958]: The key fingerprint is:
[   37.726560] cloud-init[958]: SHA256:jwqZpv6xtQCLm0izLwLboFs0YMHXTjEPexwGQk+An5c root@ubuntu-xenial
[   37.726662] cloud-init[958]: The key's randomart image is:
[   37.726764] cloud-init[958]: +---[RSA 2048]----+
[   37.726865] cloud-init[958]: |..o+o*oo         |
[   37.726967] cloud-init[958]: | o..+oB .        |
[   37.727069] cloud-init[958]: |..o +o.+         |
[   37.727174] cloud-init[958]: |.. o E.          |
[   37.727279] cloud-init[958]: |  + .   S        |
[   37.727378] cloud-init[958]: |oo + o   o       |
[   37.727482] cloud-init[958]: |+*o B . . .      |
[   37.727581] cloud-init[958]: |*=+o * o         |
[   37.727689] cloud-init[958]: |*+=oo o          |
[   37.727787] cloud-init[958]: +----[SHA256]-----+
[   37.727888] cloud-init[958]: Generating public/private dsa key pair.
[   37.727992] cloud-init[958]: Your identification has been saved in /etc/ssh/ssh_host_dsa_key.
[   37.728208] cloud-init[958]: Your public key has been saved in /etc/ssh/ssh_host_dsa_key.pub.
[   37.728340] cloud-init[958]: The key fingerprint is:
[   37.728441] cloud-init[958]: SHA256:JF7Xw6Gr/Gr9h7+kQaMczX9sdZDG1U0xi/+jWT5e2Lg root@ubuntu-xenial
[   37.728540] cloud-init[958]: The key's randomart image is:
[   37.728641] cloud-init[958]: +---[DSA 1024]----+
[   37.728741] cloud-init[958]: |            .  +*|
[   37.728846] cloud-init[958]: |           + o.o=|
[   37.728947] cloud-init[958]: |      . o o +.=. |
[   37.729050] cloud-init[958]: |     . + . + o.. |
[   37.729152] cloud-init[958]: |      . S o =  .o|
[   37.729297] cloud-init[958]: |       . o + o =+|
[   37.729389] cloud-init[958]: |        o.o ..=oB|
[   37.729490] cloud-init[958]: |        ... .+*=o|
[   37.729592] cloud-init[958]: |       .....o=E+.|
[   37.729694] cloud-init[958]: +----[SHA256]-----+
[   37.729795] cloud-init[958]: Generating public/private ecdsa key pair.
[   37.729898] cloud-init[958]: Your identification has been saved in /etc/ssh/ssh_host_ecdsa_key.
[   37.729999] cloud-init[958]: Your public key has been saved in /etc/ssh/ssh_host_ecdsa_key.pub.
[   37.730100] cloud-init[958]: The key fingerprint is:
[   37.730203] cloud-init[958]: SHA256:wkWmoECTAJaCsqw5C81dPUxnLV3yLJe9uxcOxNlBzWM root@ubuntu-xenial
[   37.730342] cloud-init[958]: The key's randomart image is:
[   37.730440] cloud-init[958]: +---[ECDSA 256]---+
[   37.730546] cloud-init[958]: |O+o .   o  o..oo.|
[   37.730647] cloud-init[958]: |=+.. . +. + o+ Eo|
[   37.730748] cloud-init[958]: |+..   .+.o .o O +|
[   37.730851] cloud-init[958]: |..   ...+    * ..|
[   37.730953] cloud-init[958]: |.+ . .o S.  .  . |
[   37.731055] cloud-init[958]: |= o .  .     . ..|
[   37.731158] cloud-init[958]: |.o            o..|
[   37.731265] cloud-init[958]: |.              .o|
[   37.731366] cloud-init[958]: |               ..|
[   37.731467] cloud-init[958]: +----[SHA256]-----+
[   37.731569] cloud-init[958]: Generating public/private ed25519 key pair.
[   37.731673] cloud-init[958]: Your identification has been saved in /etc/ssh/ssh_host_ed25519_key.
[   37.731776] cloud-init[958]: Your public key has been saved in /etc/ssh/ssh_host_ed25519_key.pub.
[   37.731878] cloud-init[958]: The key fingerprint is:
[   37.731979] cloud-init[958]: SHA256:E2RLGxEhGzw++4l3nY7NzuXKHju+NKpykKXIJINL8ew root@ubuntu-xenial
[   37.732199] cloud-init[958]: The key's randomart image is:
[   37.732332] cloud-init[958]: +--[ED25519 256]--+
[   37.732427] cloud-init[958]: |     .o O+       |
[   37.732530] cloud-init[958]: | .    oB +       |
[   37.732631] cloud-init[958]: | .+  ...+        |
[   37.768907] cloud-init[958]: |..oo. o ..       |
[   37.769043] cloud-init[958]: |...= . *S        |
[   37.769140] cloud-init[958]: |.  Eo =  .       |
[   37.769266] cloud-init[958]: |       + . .+..  |
[   37.769385] cloud-init[958]: |      o = .O+*   |
[   37.769623] cloud-init[958]: |       +.oo=&+.  |
[   37.769685] cloud-init[958]: +----[SHA256]-----+
[[0;32m  OK  [0m] Started Daily apt download activities.
[[0;32m  OK  [0m] Started Timer to automatically refresh installed snaps.
         Starting Socket activation for snappy daemon.
[[0;32m  OK  [0m] Started Daily apt upgrade and clean activities.
[[0;32m  OK  [0m] Started ACPI Events Check.
[[0;32m  OK  [0m] Reached target Paths.
[[0;32m  OK  [0m] Listening on UUID daemon activation socket.
[[0;32m  OK  [0m] Started Daily Cleanup of Temporary Directories.
[[0;32m  OK  [0m] Reached target Timers.
[[0;32m  OK  [0m] Listening on D-Bus System Message Bus Socket.
         Starting LXD - unix socket.
[[0;32m  OK  [0m] Listening on ACPID Listen Socket.
[[0;32m  OK  [0m] Reached target Network is Online.
         Starting iSCSI initiator daemon (iscsid)...
[[0;32m  OK  [0m] Reached target Cloud-config availability.
[[0;32m  OK  [0m] Listening on Socket activation for snappy daemon.
[[0;32m  OK  [0m] Listening on LXD - unix socket.
[[0;32m  OK  [0m] Reached target Sockets.
[[0;32m  OK  [0m] Reached target Basic System.
         Starting LSB: MD monitoring daemon...
[[0;32m  OK  [0m] Started ACPI event daemon.
         Starting Pollinate to seed the pseudo random number generator...
[[0;32m  OK  [0m] Started Deferred execution scheduler.
[[0;32m  OK  [0m] Started D-Bus System Message Bus.
         Starting LXD - container startup/shutdown...
         Starting LSB: Record successful boot for GRUB...
[[0;32m  OK  [0m] Started Unattended Upgrades Shutdown.
         Starting Accounts Service...
         Starting Apply the settings specified in cloud-config...
[[0;32m  OK  [0m] Started FUSE filesystem for LXC.
         Starting Login Service...
         Starting System Logging Service...
[[0;32m  OK  [0m] Started Regular background program processing daemon.
         Starting /etc/rc.local Compatibility...
         Starting Snappy daemon...
[   38.386093] cloud-init[1104]: Generating locales (this might take a while)...
[[0;32m  OK  [0m] Started System Logging Service.
[[0;32m  OK  [0m] Started iSCSI initiator daemon (iscsid).
[[0;32m  OK  [0m] Started Pollinate to seed the pseudo random number generator.
[[0;32m  OK  [0m] Started LXD - container startup/shutdown.
[[0;32m  OK  [0m] Started /etc/rc.local Compatibility.
         Starting Authenticate and Authorize Users to Run Privileged Tasks...
         Starting OpenBSD Secure Shell server...
         Starting Login to default iSCSI targets...
[[0;32m  OK  [0m] Started Snappy daemon.
[[0;32m  OK  [0m] Started OpenBSD Secure Shell server.
[[0;32m  OK  [0m] Started LSB: MD monitoring daemon.
[[0;32m  OK  [0m] Started LSB: Record successful boot for GRUB.
[[0;32m  OK  [0m] Started Login Service.
[[0;32m  OK  [0m] Started Authenticate and Authorize Users to Run Privileged Tasks.
[[0;32m  OK  [0m] Started Accounts Service.
[[0;32m  OK  [0m] Started Login to default iSCSI targets.
[[0;32m  OK  [0m] Reached target Remote File Systems (Pre).
[[0;32m  OK  [0m] Reached target Remote File Systems.
         Starting LSB: daemon to balance interrupts for SMP systems...
         Starting LSB: automatic crash report generation...
         Starting Permit User Sessions...
         Starting LSB: Set the CPU Frequency Scaling governor to "ondemand"...
         Starting LSB: VirtualBox Linux Additions...
[[0;32m  OK  [0m] Started Permit User Sessions.
         Starting Terminate Plymouth Boot Screen...
         Starting Hold until boot process finishes up...
[[   38.966111] cloud-init[1104]:   en_US.UTF-8... done
[0;32m  OK  [0m] Started LSB: daemon to balance interrupts for SMP systems.
[   38.988809] cloud-init[1104]: Generation complete.
[[0;32m  OK  [0m] Started LSB: automatic crash report generation.
[[0;32m  OK  [0m] Started LSB: Set the CPU Frequency Scaling governor to "ondemand".
[[0;32m  OK  [0m] Started Terminate Plymouth Boot Screen.
[[0;32m  OK  [0m] Started Hold until boot process finishes up.
[[0;32m  OK  [0m] Started Getty on tty1.
[[0;32m  OK  [0m] Started Serial Getty on ttyS0.
[[0;32m  OK  [0m] Reached target Login Prompts.
         Starting Set console scheme...
[[0;32m  OK  [0m] Started Set console scheme.
[   39.174464] cloud-init[1104]: Cloud-init v. 17.1 running 'modules:config' at Sun, 17 Jun 2018 19:42:00 +0000. Up 38.30 seconds.
[[0;32m  OK  [0m] Started LSB: VirtualBox Linux Additions.
[[0;32m  OK  [0m] Reached target Multi-User System.
[[0;32m  OK  [0m] Reached target Graphical Interface.
         Starting Update UTMP about System Runlevel Changes...
[[0;32m  OK  [0m] Started Apply the settings specified in cloud-config.
[[0;32m  OK  [0m] Started Update UTMP about System Runlevel Changes.
         Starting Execute cloud user/final scripts...
ci-info: no authorized ssh keys fingerprints found for user ubuntu.
<14>Jun 17 19:42:01 ec2: 
<14>Jun 17 19:42:01 ec2: #############################################################
<14>Jun 17 19:42:01 ec2: -----BEGIN SSH HOST KEY FINGERPRINTS-----
<14>Jun 17 19:42:01 ec2: 1024 SHA256:JF7Xw6Gr/Gr9h7+kQaMczX9sdZDG1U0xi/+jWT5e2Lg root@ubuntu-xenial (DSA)
<14>Jun 17 19:42:01 ec2: 256 SHA256:wkWmoECTAJaCsqw5C81dPUxnLV3yLJe9uxcOxNlBzWM root@ubuntu-xenial (ECDSA)
<14>Jun 17 19:42:01 ec2: 256 SHA256:E2RLGxEhGzw++4l3nY7NzuXKHju+NKpykKXIJINL8ew root@ubuntu-xenial (ED25519)
<14>Jun 17 19:42:01 ec2: 2048 SHA256:jwqZpv6xtQCLm0izLwLboFs0YMHXTjEPexwGQk+An5c root@ubuntu-xenial (RSA)
<14>Jun 17 19:42:01 ec2: -----END SSH HOST KEY FINGERPRINTS-----
<14>Jun 17 19:42:01 ec2: #############################################################
-----BEGIN SSH HOST KEY KEYS-----
ecdsa-sha2-nistp256 AAAAE2VjZHNhLXNoYTItbmlzdHAyNTYAAAAIbmlzdHAyNTYAAABBBCLP73ZBv5qAAIsNL4xc9DMcehRW+5T9xB5fPGVEWOWFuJTUEu0bTMbu5Duo1dlZ2Y1QAFQJquU6pwYh0+0Xb7k= root@ubuntu-xenial
ssh-ed25519 AAAAC3NzaC1lZDI1NTE5AAAAIL/xeY01bxfNidXV9XV4e4ZlfoJQBNzLYCSLZ3DrMJa0 root@ubuntu-xenial
ssh-rsa AAAAB3NzaC1yc2EAAAADAQABAAABAQDQ/JgTMGPJIYACi9a2fQtRUR9XW20JDlm+wuXhrRYBRWWbP5vxADmRaa9gzSDn0OACOf6I2iK3LeqrjmQpJVcjO1Inuk9k2CD0qO2UM6pbQJdoXQ5mTCcKQWhP0I4Tkmk71wllJIJ109P7OK0AUu8RwP3Ef32hjMXU2tdLapxr/uItU1dqjipwQAL/xfs0R0+aKcu34kAh1dS7yYuZUAQ2dEb2NDQt/64+V0gWVFClISA7Uhx52nnqS0TKH6dx+p/OQtNAtw5tG+NJ21OWa0zipeB+Ic9s5OS8JUe2oCCVja3IXlsINiEVUKbuKngUbpaE7mR0hO99NbIr2OxDOVFx root@ubuntu-xenial
-----END SSH HOST KEY KEYS-----
[   39.743904] cloud-init[1308]: Cloud-init v. 17.1 running 'modules:final' at Sun, 17 Jun 2018 19:42:01 +0000. Up 39.39 seconds.
[   39.746480] cloud-init[1308]: ci-info: no authorized ssh keys fingerprints found for user ubuntu.
[   39.748670] cloud-init[1308]: Cloud-init v. 17.1 finished at Sun, 17 Jun 2018 19:42:01 +0000. Datasource DataSourceNoCloud [seed=/dev/sdb][dsmode=net].  Up 39.73 seconds
[[0;32m  OK  [0m] Started Execute cloud user/final scripts.
[[0;32m  OK  [0m] Reached target Cloud-init target.

Ubuntu 16.04.4 LTS ubuntu-xenial ttyS0

ubuntu-xenial login: 